<?xml version="1.0" encoding="UTF-8"?>
<!-- Generated by org.testng.reporters.JUnitXMLReporter -->
<testsuite ignored="1" hostname="SureshVeerappan.home" failures="0" tests="2" name="Default test" time="3.448" errors="0" timestamp="2022-03-16T16:33:39 EDT">
  <testcase classname="com.rest.assured.JobsPut" name="putJobNonExistingId" time="1.81"/>
  <testcase classname="com.rest.assured.JobsPut" name="putJobNonExistingId" time="0.279"/>
  <testcase classname="com.rest.assured.JobsPut" name="putJob" time="0.0">
    <ignored/>
  </testcase> <!-- putJob -->
</testsuite> <!-- Default test -->
